  [1m[35m (1.0ms)[0m  [1m[34mSELECT sqlite_version(*)[0m
  [1m[35m (7.0ms)[0m  [1m[35mCREATE TABLE "schema_migrations" ("version" varchar NOT NULL PRIMARY KEY)[0m
  [1m[35m (4.7ms)[0m  [1m[35mCREATE TABLE "ar_internal_metadata" ("key" varchar NOT NULL PRIMARY KEY, "value" varchar, "created_at" datetime(6) NOT NULL, "updated_at" datetime(6) NOT NULL)[0m
  [1m[35m (0.1ms)[0m  [1m[34mSELECT "schema_migrations"."version" FROM "schema_migrations" ORDER BY "schema_migrations"."version" ASC[0m
Migrating to CreateRickymorties (20221222160341)
  [1m[35m (0.0ms)[0m  [1m[36mbegin transaction[0m
  [1m[35m (0.2ms)[0m  [1m[35mCREATE TABLE "rickymorties" ("id" integer PRIMARY KEY AUTOINCREMENT NOT NULL, "created_at" datetime(6) NOT NULL, "updated_at" datetime(6) NOT NULL)[0m
  [1m[36mActiveRecord::SchemaMigration Create (0.1ms)[0m  [1m[32mINSERT INTO "schema_migrations" ("version") VALUES (?)[0m  [["version", "20221222160341"]]
  [1m[35m (4.8ms)[0m  [1m[36mcommit transaction[0m
  [1m[36mActiveRecord::InternalMetadata Load (0.1ms)[0m  [1m[34mSELECT "ar_internal_metadata".* FROM "ar_internal_metadata" WHERE "ar_internal_metadata"."key" = ? LIMIT ?[0m  [["key", "environment"], ["LIMIT", 1]]
  [1m[35m (0.0ms)[0m  [1m[36mbegin transaction[0m
  [1m[36mActiveRecord::InternalMetadata Create (0.1ms)[0m  [1m[32mINSERT INTO "ar_internal_metadata" ("key", "value", "created_at", "updated_at") VALUES (?, ?, ?, ?)[0m  [["key", "environment"], ["value", "development"], ["created_at", "2022-12-22 16:04:12.952183"], ["updated_at", "2022-12-22 16:04:12.952183"]]
  [1m[35m (3.7ms)[0m  [1m[36mcommit transaction[0m
  [1m[35m (0.1ms)[0m  [1m[34mSELECT sqlite_version(*)[0m
  [1m[35m (0.1ms)[0m  [1m[34mSELECT "schema_migrations"."version" FROM "schema_migrations" ORDER BY "schema_migrations"."version" ASC[0m
Started GET "/" for ::1 at 2022-12-22 21:04:48 +0500
  [1m[35m (0.9ms)[0m  [1m[34mSELECT sqlite_version(*)[0m
  [1m[35m (0.1ms)[0m  [1m[34mSELECT "schema_migrations"."version" FROM "schema_migrations" ORDER BY "schema_migrations"."version" ASC[0m
Processing by Rails::WelcomeController#index as HTML
  Rendering /home/dev/.rbenv/versions/2.7.5/lib/ruby/gems/2.7.0/gems/railties-6.0.6/lib/rails/templates/rails/welcome/index.html.erb
  Rendered /home/dev/.rbenv/versions/2.7.5/lib/ruby/gems/2.7.0/gems/railties-6.0.6/lib/rails/templates/rails/welcome/index.html.erb (Duration: 7.8ms | Allocations: 403)
Completed 200 OK in 16ms (Views: 11.5ms | ActiveRecord: 0.0ms | Allocations: 3432)


Started GET "/rickymorties" for ::1 at 2022-12-22 21:04:57 +0500
  
AbstractController::ActionNotFound (The action 'index' could not be found for RickymortiesController):
  
actionpack (6.0.6) lib/abstract_controller/base.rb:131:in `process'
actionpack (6.0.6) lib/action_controller/metal.rb:190:in `dispatch'
actionpack (6.0.6) lib/action_controller/metal.rb:254:in `dispatch'
actionpack (6.0.6) lib/action_dispatch/routing/route_set.rb:50:in `dispatch'
actionpack (6.0.6) lib/action_dispatch/routing/route_set.rb:33:in `serve'
actionpack (6.0.6) lib/action_dispatch/journey/router.rb:49:in `block in serve'
actionpack (6.0.6) lib/action_dispatch/journey/router.rb:32:in `each'
actionpack (6.0.6) lib/action_dispatch/journey/router.rb:32:in `serve'
actionpack (6.0.6) lib/action_dispatch/routing/route_set.rb:834:in `call'
rack (2.2.4) lib/rack/etag.rb:27:in `call'
rack (2.2.4) lib/rack/conditional_get.rb:27:in `call'
rack (2.2.4) lib/rack/head.rb:12:in `call'
activerecord (6.0.6) lib/active_record/migration.rb:567:in `call'
actionpack (6.0.6) lib/action_dispatch/middleware/callbacks.rb:27:in `block in call'
activesupport (6.0.6) lib/active_support/callbacks.rb:101:in `run_callbacks'
actionpack (6.0.6) lib/action_dispatch/middleware/callbacks.rb:26:in `call'
actionpack (6.0.6) lib/action_dispatch/middleware/executor.rb:14:in `call'
actionpack (6.0.6) lib/action_dispatch/middleware/actionable_exceptions.rb:18:in `call'
actionpack (6.0.6) lib/action_dispatch/middleware/debug_exceptions.rb:32:in `call'
actionpack (6.0.6) lib/action_dispatch/middleware/show_exceptions.rb:33:in `call'
railties (6.0.6) lib/rails/rack/logger.rb:37:in `call_app'
railties (6.0.6) lib/rails/rack/logger.rb:26:in `block in call'
activesupport (6.0.6) lib/active_support/tagged_logging.rb:80:in `block in tagged'
activesupport (6.0.6) lib/active_support/tagged_logging.rb:28:in `tagged'
activesupport (6.0.6) lib/active_support/tagged_logging.rb:80:in `tagged'
railties (6.0.6) lib/rails/rack/logger.rb:26:in `call'
actionpack (6.0.6) lib/action_dispatch/middleware/remote_ip.rb:81:in `call'
actionpack (6.0.6) lib/action_dispatch/middleware/request_id.rb:27:in `call'
rack (2.2.4) lib/rack/runtime.rb:22:in `call'
activesupport (6.0.6) lib/active_support/cache/strategy/local_cache_middleware.rb:29:in `call'
actionpack (6.0.6) lib/action_dispatch/middleware/executor.rb:14:in `call'
actionpack (6.0.6) lib/action_dispatch/middleware/static.rb:126:in `call'
rack (2.2.4) lib/rack/sendfile.rb:110:in `call'
actionpack (6.0.6) lib/action_dispatch/middleware/host_authorization.rb:103:in `call'
railties (6.0.6) lib/rails/engine.rb:527:in `call'
puma (4.3.12) lib/puma/configuration.rb:228:in `call'
puma (4.3.12) lib/puma/server.rb:727:in `handle_request'
puma (4.3.12) lib/puma/server.rb:476:in `process_client'
puma (4.3.12) lib/puma/server.rb:332:in `block in run'
puma (4.3.12) lib/puma/thread_pool.rb:134:in `block in spawn_thread'
Started GET "/rickymorties/show" for ::1 at 2022-12-22 21:05:02 +0500
Processing by RickymortiesController#show as HTML
  Parameters: {"id"=>"show"}
Completed 204 No Content in 2160ms (ActiveRecord: 0.0ms | Allocations: 13588)


Started GET "/rickymorties" for ::1 at 2022-12-22 21:05:32 +0500
  [1m[35m (0.1ms)[0m  [1m[34mSELECT sqlite_version(*)[0m
Processing by RickymortiesController#index as HTML
Completed 204 No Content in 0ms (ActiveRecord: 0.0ms | Allocations: 42)


Started GET "/rickymorties" for ::1 at 2022-12-22 21:05:34 +0500
Processing by RickymortiesController#index as HTML
Completed 204 No Content in 0ms (ActiveRecord: 0.0ms | Allocations: 27)


Started GET "/rickymorties/show" for ::1 at 2022-12-22 21:05:36 +0500
Processing by RickymortiesController#show as HTML
  Parameters: {"id"=>"show"}
Completed 204 No Content in 1741ms (ActiveRecord: 0.0ms | Allocations: 1878)


Started GET "/rickymorties/show" for ::1 at 2022-12-22 21:06:36 +0500
  [1m[35m (0.1ms)[0m  [1m[34mSELECT sqlite_version(*)[0m
Processing by RickymortiesController#show as HTML
  Parameters: {"id"=>"show"}
Completed 204 No Content in 6579ms (ActiveRecord: 0.0ms | Allocations: 2103)


Started GET "/rickymorties/show" for ::1 at 2022-12-22 21:07:44 +0500
  [1m[35m (0.0ms)[0m  [1m[34mSELECT sqlite_version(*)[0m
Processing by RickymortiesController#show as HTML
  Parameters: {"id"=>"show"}
Completed 204 No Content in 431ms (ActiveRecord: 0.0ms | Allocations: 2066)


Started GET "/rickymorties/show" for ::1 at 2022-12-22 21:09:14 +0500
Processing by RickymortiesController#show as HTML
  Parameters: {"id"=>"show"}
Completed 204 No Content in 1325ms (ActiveRecord: 0.0ms | Allocations: 1874)


Started GET "/" for ::1 at 2022-12-22 21:09:34 +0500
  [1m[35m (0.1ms)[0m  [1m[34mSELECT sqlite_version(*)[0m
Processing by Rails::WelcomeController#index as HTML
  Rendering /home/dev/.rbenv/versions/2.7.5/lib/ruby/gems/2.7.0/gems/railties-6.0.6/lib/rails/templates/rails/welcome/index.html.erb
  Rendered /home/dev/.rbenv/versions/2.7.5/lib/ruby/gems/2.7.0/gems/railties-6.0.6/lib/rails/templates/rails/welcome/index.html.erb (Duration: 5.5ms | Allocations: 181)
Completed 200 OK in 7ms (Views: 6.2ms | ActiveRecord: 0.0ms | Allocations: 719)


Started GET "/rickymorties/show" for ::1 at 2022-12-22 21:09:55 +0500
Processing by RickymortiesController#show as HTML
  Parameters: {"id"=>"show"}
Completed 204 No Content in 2376ms (ActiveRecord: 0.0ms | Allocations: 1898)


Started GET "/rickymorties" for ::1 at 2022-12-22 21:10:56 +0500
  [1m[35m (0.1ms)[0m  [1m[34mSELECT sqlite_version(*)[0m
Processing by RickymortiesController#index as HTML
Completed 204 No Content in 3335ms (ActiveRecord: 0.0ms | Allocations: 2055)


Started GET "/rickymorties" for ::1 at 2022-12-22 21:11:20 +0500
Processing by RickymortiesController#index as HTML
Completed 204 No Content in 1293ms (ActiveRecord: 0.0ms | Allocations: 1836)


Started GET "/rickymorties" for ::1 at 2022-12-22 21:12:18 +0500
Error occurred while parsing request parameters.
Contents:



Processing by RickymortiesController#index as */*
Completed 204 No Content in 1157ms (ActiveRecord: 0.0ms | Allocations: 1834)


Started GET "/rickymorties" for ::1 at 2022-12-22 21:12:53 +0500
  [1m[35m (0.0ms)[0m  [1m[34mSELECT sqlite_version(*)[0m
Error occurred while parsing request parameters.
Contents:



Processing by RickymortiesController#index as */*
Completed 204 No Content in 1660ms (ActiveRecord: 0.0ms | Allocations: 2081)


Started GET "/rickymorties" for ::1 at 2022-12-22 21:14:48 +0500
  [1m[35m (0.1ms)[0m  [1m[34mSELECT sqlite_version(*)[0m
Error occurred while parsing request parameters.
Contents:



Processing by RickymortiesController#index as */*
Completed 204 No Content in 1648ms (ActiveRecord: 0.0ms | Allocations: 2903)


Started GET "/" for ::1 at 2022-12-22 21:16:31 +0500
  [1m[35m (0.4ms)[0m  [1m[34mSELECT sqlite_version(*)[0m
  [1m[35m (0.1ms)[0m  [1m[34mSELECT "schema_migrations"."version" FROM "schema_migrations" ORDER BY "schema_migrations"."version" ASC[0m
Processing by Rails::WelcomeController#index as HTML
  Rendering /home/dev/.rbenv/versions/2.7.5/lib/ruby/gems/2.7.0/gems/railties-6.0.6/lib/rails/templates/rails/welcome/index.html.erb
  Rendered /home/dev/.rbenv/versions/2.7.5/lib/ruby/gems/2.7.0/gems/railties-6.0.6/lib/rails/templates/rails/welcome/index.html.erb (Duration: 5.8ms | Allocations: 297)
Completed 200 OK in 15ms (Views: 8.3ms | ActiveRecord: 0.0ms | Allocations: 2359)


Started GET "/rickymorties" for ::1 at 2022-12-22 21:16:37 +0500
Processing by RickymortiesController#index as HTML
Started GET "/rickymorties" for ::1 at 2022-12-22 21:20:07 +0500
  [1m[35m (0.5ms)[0m  [1m[34mSELECT sqlite_version(*)[0m
  [1m[35m (0.2ms)[0m  [1m[34mSELECT "schema_migrations"."version" FROM "schema_migrations" ORDER BY "schema_migrations"."version" ASC[0m
Error occurred while parsing request parameters.
Contents:



Processing by RickymortiesController#index as */*
Completed 200 OK in 3297ms (Views: 21.0ms | ActiveRecord: 0.0ms | Allocations: 11502)


Started GET "/rickymorties" for ::1 at 2022-12-22 21:27:42 +0500
  [1m[35m (0.1ms)[0m  [1m[34mSELECT sqlite_version(*)[0m
Error occurred while parsing request parameters.
Contents:



Processing by RickymortiesController#index as */*
Completed 500 Internal Server Error in 1ms (ActiveRecord: 0.0ms | Allocations: 733)


  
NoMethodError (undefined method `where' for #<Rickmorty::Episode:0x00007f20f8143b40>
Did you mean?  when):
  
app/controllers/rickymorties_controller.rb:7:in `index'
Started GET "/rickymorties" for ::1 at 2022-12-22 21:28:23 +0500
  [1m[35m (0.0ms)[0m  [1m[34mSELECT sqlite_version(*)[0m
Error occurred while parsing request parameters.
Contents:



Processing by RickymortiesController#index as */*
Completed 500 Internal Server Error in 1ms (ActiveRecord: 0.0ms | Allocations: 730)


  
NoMethodError (undefined method `id' for #<Rickmorty::Episode:0x00007f20e814dc68>):
  
app/controllers/rickymorties_controller.rb:7:in `index'
Started GET "/rickymorties" for ::1 at 2022-12-22 21:29:31 +0500
  [1m[35m (0.1ms)[0m  [1m[34mSELECT sqlite_version(*)[0m
Error occurred while parsing request parameters.
Contents:



Processing by RickymortiesController#index as */*
Completed 200 OK in 6559ms (Views: 2.5ms | ActiveRecord: 0.0ms | Allocations: 6778)


Started GET "/rickymorties" for ::1 at 2022-12-23 02:44:14 +0500
  [1m[35m (0.2ms)[0m  [1m[34mSELECT sqlite_version(*)[0m
  [1m[35m (0.1ms)[0m  [1m[34mSELECT "schema_migrations"."version" FROM "schema_migrations" ORDER BY "schema_migrations"."version" ASC[0m
Error occurred while parsing request parameters.
Contents:



Processing by RickymortiesController#index as */*
Completed 500 Internal Server Error in 2192ms (ActiveRecord: 0.0ms | Allocations: 9288)


  
ArgumentError (must pass :url):
  
app/services/rickymorty_service.rb:14:in `get'
app/services/rickymorty_service.rb:24:in `parse_characters'
app/services/rickymorty_service.rb:30:in `parse_characters'
app/services/rickymorty_service.rb:30:in `parse_characters'
app/services/rickymorty_service.rb:30:in `parse_characters'
app/services/rickymorty_service.rb:8:in `perform'
app/services/application_service.rb:4:in `perform'
app/controllers/rickymorties_controller.rb:6:in `index'
Started GET "/rickymorties" for ::1 at 2022-12-23 02:45:11 +0500
  [1m[35m (0.0ms)[0m  [1m[34mSELECT sqlite_version(*)[0m
Error occurred while parsing request parameters.
Contents:



Processing by RickymortiesController#index as */*
Completed 500 Internal Server Error in 2147ms (ActiveRecord: 0.0ms | Allocations: 5640)


  
ArgumentError (must pass :url):
  
app/services/rickymorty_service.rb:14:in `get'
app/services/rickymorty_service.rb:24:in `parse_characters'
app/services/rickymorty_service.rb:29:in `parse_characters'
app/services/rickymorty_service.rb:29:in `parse_characters'
app/services/rickymorty_service.rb:29:in `parse_characters'
app/services/rickymorty_service.rb:8:in `perform'
app/services/application_service.rb:4:in `perform'
app/controllers/rickymorties_controller.rb:6:in `index'
Started GET "/rickymorties" for ::1 at 2022-12-23 02:48:17 +0500
  [1m[35m (0.0ms)[0m  [1m[34mSELECT sqlite_version(*)[0m
Error occurred while parsing request parameters.
Contents:



Processing by RickymortiesController#index as */*
Completed 500 Internal Server Error in 1130ms (ActiveRecord: 0.0ms | Allocations: 5638)


  
ArgumentError (must pass :url):
  
app/services/rickymorty_service.rb:14:in `get'
app/services/rickymorty_service.rb:24:in `parse_characters'
app/services/rickymorty_service.rb:29:in `parse_characters'
app/services/rickymorty_service.rb:29:in `parse_characters'
app/services/rickymorty_service.rb:29:in `parse_characters'
app/services/rickymorty_service.rb:8:in `perform'
app/services/application_service.rb:4:in `perform'
app/controllers/rickymorties_controller.rb:6:in `index'
Started GET "/rickymorties" for ::1 at 2022-12-23 02:49:05 +0500
  [1m[35m (0.0ms)[0m  [1m[34mSELECT sqlite_version(*)[0m
Error occurred while parsing request parameters.
Contents:



Processing by RickymortiesController#index as */*
Completed 500 Internal Server Error in 1149ms (ActiveRecord: 0.0ms | Allocations: 2824)


  
NoMethodError (undefined method `info' for <RestClient::Response 200 "{\"info\":{\"c...">:RestClient::Response):
  
app/services/rickymorty_service.rb:25:in `parse_characters'
app/services/rickymorty_service.rb:8:in `perform'
app/services/application_service.rb:4:in `perform'
app/controllers/rickymorties_controller.rb:6:in `index'
Started GET "/rickymorties" for ::1 at 2022-12-23 02:49:57 +0500
  [1m[35m (0.0ms)[0m  [1m[34mSELECT sqlite_version(*)[0m
Error occurred while parsing request parameters.
Contents:



Processing by RickymortiesController#index as */*
Completed 500 Internal Server Error in 502ms (ActiveRecord: 0.0ms | Allocations: 4218)


  
NoMethodError (undefined method `info' for #<Hash:0x000055c1123b9808>):
  
app/services/rickymorty_service.rb:26:in `parse_characters'
app/services/rickymorty_service.rb:8:in `perform'
app/services/application_service.rb:4:in `perform'
app/controllers/rickymorties_controller.rb:6:in `index'
Started GET "/rickymorties" for ::1 at 2022-12-23 02:50:12 +0500
  [1m[35m (0.0ms)[0m  [1m[34mSELECT sqlite_version(*)[0m
Error occurred while parsing request parameters.
Contents:



Processing by RickymortiesController#index as */*
Completed 500 Internal Server Error in 559ms (ActiveRecord: 0.0ms | Allocations: 4202)


  
NoMethodError (undefined method `getInfo' for #<Hash:0x000055c11272c1c0>):
  
app/services/rickymorty_service.rb:26:in `parse_characters'
app/services/rickymorty_service.rb:8:in `perform'
app/services/application_service.rb:4:in `perform'
app/controllers/rickymorties_controller.rb:6:in `index'
Started GET "/rickymorties" for ::1 at 2022-12-23 02:50:22 +0500
  [1m[35m (0.0ms)[0m  [1m[34mSELECT sqlite_version(*)[0m
Error occurred while parsing request parameters.
Contents:



Processing by RickymortiesController#index as */*
Completed 500 Internal Server Error in 933ms (ActiveRecord: 0.0ms | Allocations: 4202)


  
NoMethodError (undefined method `get' for #<Hash:0x00007f76e0362208>
Did you mean?  gem):
  
app/services/rickymorty_service.rb:26:in `parse_characters'
app/services/rickymorty_service.rb:8:in `perform'
app/services/application_service.rb:4:in `perform'
app/controllers/rickymorties_controller.rb:6:in `index'
Started GET "/rickymorties" for ::1 at 2022-12-23 02:52:12 +0500
  [1m[35m (0.1ms)[0m  [1m[34mSELECT sqlite_version(*)[0m
Error occurred while parsing request parameters.
Contents:



Processing by RickymortiesController#index as */*
Completed 500 Internal Server Error in 785ms (ActiveRecord: 0.0ms | Allocations: 2770)


  
NoMethodError (undefined method `info' for <RestClient::Response 200 "{\"info\":{\"c...">:RestClient::Response):
  
app/services/rickymorty_service.rb:26:in `parse_characters'
app/services/rickymorty_service.rb:8:in `perform'
app/services/application_service.rb:4:in `perform'
app/controllers/rickymorties_controller.rb:6:in `index'
Started GET "/rickymorties" for ::1 at 2022-12-23 02:52:32 +0500
  [1m[35m (0.1ms)[0m  [1m[34mSELECT sqlite_version(*)[0m
Error occurred while parsing request parameters.
Contents:



Processing by RickymortiesController#index as */*
Completed 500 Internal Server Error in 662ms (ActiveRecord: 0.0ms | Allocations: 2444)


  
NameError (undefined local variable or method `episode' for #<RickymortyService:0x000055c1120a2bd8>
Did you mean?  episodes):
  
app/services/rickymorty_service.rb:25:in `parse_characters'
app/services/rickymorty_service.rb:8:in `perform'
app/services/application_service.rb:4:in `perform'
app/controllers/rickymorties_controller.rb:6:in `index'
Started GET "/rickymorties" for ::1 at 2022-12-23 02:52:47 +0500
  [1m[35m (0.0ms)[0m  [1m[34mSELECT sqlite_version(*)[0m
Error occurred while parsing request parameters.
Contents:



Processing by RickymortiesController#index as */*
Completed 500 Internal Server Error in 559ms (ActiveRecord: 0.0ms | Allocations: 2770)


  
NoMethodError (undefined method `info' for <RestClient::Response 200 "{\"info\":{\"c...">:RestClient::Response):
  
app/services/rickymorty_service.rb:27:in `parse_characters'
app/services/rickymorty_service.rb:8:in `perform'
app/services/application_service.rb:4:in `perform'
app/controllers/rickymorties_controller.rb:6:in `index'
Started GET "/rickymorties" for ::1 at 2022-12-23 02:53:48 +0500
  [1m[35m (0.2ms)[0m  [1m[34mSELECT sqlite_version(*)[0m
  [1m[35m (0.1ms)[0m  [1m[34mSELECT "schema_migrations"."version" FROM "schema_migrations" ORDER BY "schema_migrations"."version" ASC[0m
Error occurred while parsing request parameters.
Contents:



Processing by RickymortiesController#index as */*
Completed 500 Internal Server Error in 558ms (ActiveRecord: 0.0ms | Allocations: 1997)


  
ArgumentError (must pass :url):
  
app/services/rickymorty_service.rb:14:in `get'
app/services/rickymorty_service.rb:24:in `parse_characters'
app/services/rickymorty_service.rb:31:in `parse_characters'
app/services/rickymorty_service.rb:8:in `perform'
app/services/application_service.rb:4:in `perform'
app/controllers/rickymorties_controller.rb:6:in `index'
Started GET "/rickymorties" for ::1 at 2022-12-23 02:54:06 +0500
  [1m[35m (0.0ms)[0m  [1m[34mSELECT sqlite_version(*)[0m
Error occurred while parsing request parameters.
Contents:



Processing by RickymortiesController#index as */*
Completed 500 Internal Server Error in 363ms (ActiveRecord: 0.0ms | Allocations: 1504)


  
ArgumentError (must pass :url):
  
app/services/rickymorty_service.rb:14:in `get'
app/services/rickymorty_service.rb:24:in `parse_characters'
app/services/rickymorty_service.rb:31:in `parse_characters'
app/services/rickymorty_service.rb:8:in `perform'
app/services/application_service.rb:4:in `perform'
app/controllers/rickymorties_controller.rb:6:in `index'
Started GET "/rickymorties" for ::1 at 2022-12-23 02:55:17 +0500
  [1m[35m (0.0ms)[0m  [1m[34mSELECT sqlite_version(*)[0m
Error occurred while parsing request parameters.
Contents:



Processing by RickymortiesController#index as */*
Completed 500 Internal Server Error in 611ms (ActiveRecord: 0.0ms | Allocations: 2341)


  
NoMethodError (undefined method `type' for #<RickymortyService:0x0000560cbe1ed360>):
  
app/services/rickymorty_service.rb:25:in `parse_characters'
app/services/rickymorty_service.rb:8:in `perform'
app/services/application_service.rb:4:in `perform'
app/controllers/rickymorties_controller.rb:6:in `index'
Started GET "/rickymorties" for ::1 at 2022-12-23 02:56:12 +0500
  [1m[35m (0.2ms)[0m  [1m[34mSELECT sqlite_version(*)[0m
  [1m[35m (0.1ms)[0m  [1m[34mSELECT "schema_migrations"."version" FROM "schema_migrations" ORDER BY "schema_migrations"."version" ASC[0m
Error occurred while parsing request parameters.
Contents:



Processing by RickymortiesController#index as */*
Completed 500 Internal Server Error in 464ms (ActiveRecord: 0.0ms | Allocations: 1963)


  
ArgumentError (must pass :url):
  
app/services/rickymorty_service.rb:14:in `get'
app/services/rickymorty_service.rb:24:in `parse_characters'
app/services/rickymorty_service.rb:31:in `parse_characters'
app/services/rickymorty_service.rb:8:in `perform'
app/services/application_service.rb:4:in `perform'
app/controllers/rickymorties_controller.rb:6:in `index'
Started GET "/rickymorties" for ::1 at 2022-12-23 02:57:20 +0500
  [1m[35m (0.0ms)[0m  [1m[34mSELECT sqlite_version(*)[0m
Error occurred while parsing request parameters.
Contents:



Processing by RickymortiesController#index as */*
Completed 500 Internal Server Error in 563ms (ActiveRecord: 0.0ms | Allocations: 1511)


  
ArgumentError (must pass :url):
  
app/services/rickymorty_service.rb:14:in `get'
app/services/rickymorty_service.rb:24:in `parse_characters'
app/services/rickymorty_service.rb:31:in `parse_characters'
app/services/rickymorty_service.rb:8:in `perform'
app/services/application_service.rb:4:in `perform'
app/controllers/rickymorties_controller.rb:6:in `index'
Started GET "/rickymorties" for ::1 at 2022-12-23 02:57:47 +0500
  [1m[35m (0.0ms)[0m  [1m[34mSELECT sqlite_version(*)[0m
Error occurred while parsing request parameters.
Contents:



Processing by RickymortiesController#index as */*
Completed 500 Internal Server Error in 424ms (ActiveRecord: 0.0ms | Allocations: 1542)


  
ArgumentError (must pass :url):
  
app/services/rickymorty_service.rb:14:in `get'
app/services/rickymorty_service.rb:24:in `parse_characters'
app/services/rickymorty_service.rb:31:in `parse_characters'
app/services/rickymorty_service.rb:8:in `perform'
app/services/application_service.rb:4:in `perform'
app/controllers/rickymorties_controller.rb:6:in `index'
Started GET "/rickymorties" for ::1 at 2022-12-23 02:59:07 +0500
  [1m[35m (0.0ms)[0m  [1m[34mSELECT sqlite_version(*)[0m
Error occurred while parsing request parameters.
Contents:



Processing by RickymortiesController#index as */*
Completed 500 Internal Server Error in 441ms (ActiveRecord: 0.0ms | Allocations: 2365)


  
ArgumentError (must pass :url):
  
app/services/rickymorty_service.rb:14:in `get'
app/services/rickymorty_service.rb:24:in `parse_characters'
app/services/rickymorty_service.rb:34:in `parse_characters'
app/services/rickymorty_service.rb:8:in `perform'
app/services/application_service.rb:4:in `perform'
app/controllers/rickymorties_controller.rb:6:in `index'
Started GET "/rickymorties" for ::1 at 2022-12-23 02:59:26 +0500
  [1m[35m (0.0ms)[0m  [1m[34mSELECT sqlite_version(*)[0m
Error occurred while parsing request parameters.
Contents:



Processing by RickymortiesController#index as */*
Completed 500 Internal Server Error in 2967ms (ActiveRecord: 0.0ms | Allocations: 2344)


  
ArgumentError (must pass :url):
  
app/services/rickymorty_service.rb:14:in `get'
app/services/rickymorty_service.rb:24:in `parse_characters'
app/services/rickymorty_service.rb:34:in `parse_characters'
app/services/rickymorty_service.rb:8:in `perform'
app/services/application_service.rb:4:in `perform'
app/controllers/rickymorties_controller.rb:6:in `index'
Started GET "/rickymorties" for ::1 at 2022-12-23 03:00:15 +0500
  [1m[35m (0.0ms)[0m  [1m[34mSELECT sqlite_version(*)[0m
Error occurred while parsing request parameters.
Contents:



Processing by RickymortiesController#index as */*
Completed 500 Internal Server Error in 556ms (ActiveRecord: 0.0ms | Allocations: 2804)


  
NoMethodError (undefined method `staus' for <RestClient::Response 200 "{\"info\":{\"c...">:RestClient::Response):
  
app/services/rickymorty_service.rb:25:in `parse_characters'
app/services/rickymorty_service.rb:8:in `perform'
app/services/application_service.rb:4:in `perform'
app/controllers/rickymorties_controller.rb:6:in `index'
Started GET "/rickymorties" for ::1 at 2022-12-23 03:00:25 +0500
  [1m[35m (0.0ms)[0m  [1m[34mSELECT sqlite_version(*)[0m
Error occurred while parsing request parameters.
Contents:



Processing by RickymortiesController#index as */*
Completed 500 Internal Server Error in 492ms (ActiveRecord: 0.0ms | Allocations: 2785)


  
NoMethodError (undefined method `status' for <RestClient::Response 200 "{\"info\":{\"c...">:RestClient::Response):
  
app/services/rickymorty_service.rb:25:in `parse_characters'
app/services/rickymorty_service.rb:8:in `perform'
app/services/application_service.rb:4:in `perform'
app/controllers/rickymorties_controller.rb:6:in `index'
Started GET "/rickymorties" for ::1 at 2022-12-23 03:00:57 +0500
  [1m[35m (0.0ms)[0m  [1m[34mSELECT sqlite_version(*)[0m
Error occurred while parsing request parameters.
Contents:



Processing by RickymortiesController#index as */*
Completed 500 Internal Server Error in 7441ms (ActiveRecord: 0.0ms | Allocations: 5714)


  
ArgumentError (must pass :url):
  
app/services/rickymorty_service.rb:14:in `get'
app/services/rickymorty_service.rb:24:in `parse_characters'
app/services/rickymorty_service.rb:33:in `parse_characters'
app/services/rickymorty_service.rb:33:in `parse_characters'
app/services/rickymorty_service.rb:33:in `parse_characters'
app/services/rickymorty_service.rb:8:in `perform'
app/services/application_service.rb:4:in `perform'
app/controllers/rickymorties_controller.rb:6:in `index'
Started GET "/rickymorties" for ::1 at 2022-12-23 03:01:38 +0500
  [1m[35m (0.2ms)[0m  [1m[34mSELECT sqlite_version(*)[0m
  [1m[35m (0.1ms)[0m  [1m[34mSELECT "schema_migrations"."version" FROM "schema_migrations" ORDER BY "schema_migrations"."version" ASC[0m
Error occurred while parsing request parameters.
Contents:



Processing by RickymortiesController#index as */*
Completed 500 Internal Server Error in 456ms (ActiveRecord: 0.0ms | Allocations: 3718)


  
NameError (undefined local variable or method `null' for #<RickymortyService:0x00007fa2442db098>):
  
app/services/rickymorty_service.rb:32:in `parse_characters'
app/services/rickymorty_service.rb:8:in `perform'
app/services/application_service.rb:4:in `perform'
app/controllers/rickymorties_controller.rb:6:in `index'
Started GET "/rickymorties" for ::1 at 2022-12-23 03:02:18 +0500
  [1m[35m (0.0ms)[0m  [1m[34mSELECT sqlite_version(*)[0m
Error occurred while parsing request parameters.
Contents:



Processing by RickymortiesController#index as */*
Completed 204 No Content in 1872ms (ActiveRecord: 0.0ms | Allocations: 5577)


Started GET "/rickymorties" for ::1 at 2022-12-23 03:07:24 +0500
  [1m[35m (0.0ms)[0m  [1m[34mSELECT sqlite_version(*)[0m
Error occurred while parsing request parameters.
Contents:



Processing by RickymortiesController#index as */*
Completed 500 Internal Server Error in 516ms (ActiveRecord: 0.0ms | Allocations: 2852)


  
NoMethodError (undefined method `[]' for nil:NilClass):
  
app/services/rickymorty_service.rb:30:in `parse_characters'
app/services/rickymorty_service.rb:8:in `perform'
app/services/application_service.rb:4:in `perform'
app/controllers/rickymorties_controller.rb:6:in `index'
Started GET "/rickymorties" for ::1 at 2022-12-23 03:07:44 +0500
  [1m[35m (0.1ms)[0m  [1m[34mSELECT sqlite_version(*)[0m
Error occurred while parsing request parameters.
Contents:



Processing by RickymortiesController#index as */*
Completed 500 Internal Server Error in 594ms (ActiveRecord: 0.0ms | Allocations: 2357)


  
TypeError (no implicit conversion of String into Integer):
  
app/services/rickymorty_service.rb:30:in `[]'
app/services/rickymorty_service.rb:30:in `parse_characters'
app/services/rickymorty_service.rb:8:in `perform'
app/services/application_service.rb:4:in `perform'
app/controllers/rickymorties_controller.rb:6:in `index'
Started GET "/rickymorties" for ::1 at 2022-12-23 03:08:29 +0500
  [1m[35m (0.0ms)[0m  [1m[34mSELECT sqlite_version(*)[0m
Error occurred while parsing request parameters.
Contents:



Processing by RickymortiesController#index as */*
Completed 500 Internal Server Error in 458ms (ActiveRecord: 0.0ms | Allocations: 2351)


  
TypeError (no implicit conversion of String into Integer):
  
app/services/rickymorty_service.rb:30:in `[]'
app/services/rickymorty_service.rb:30:in `parse_characters'
app/services/rickymorty_service.rb:8:in `perform'
app/services/application_service.rb:4:in `perform'
app/controllers/rickymorties_controller.rb:6:in `index'
Started GET "/rickymorties" for ::1 at 2022-12-23 03:09:04 +0500
  [1m[35m (0.0ms)[0m  [1m[34mSELECT sqlite_version(*)[0m
Error occurred while parsing request parameters.
Contents:



Processing by RickymortiesController#index as */*
Completed 500 Internal Server Error in 741ms (ActiveRecord: 0.0ms | Allocations: 3198)


  
TypeError (no implicit conversion of String into Integer):
  
app/services/rickymorty_service.rb:31:in `[]'
app/services/rickymorty_service.rb:31:in `parse_characters'
app/services/rickymorty_service.rb:8:in `perform'
app/services/application_service.rb:4:in `perform'
app/controllers/rickymorties_controller.rb:6:in `index'
Started GET "/rickymorties" for ::1 at 2022-12-23 03:09:21 +0500
  [1m[35m (0.0ms)[0m  [1m[34mSELECT sqlite_version(*)[0m
Error occurred while parsing request parameters.
Contents:



Processing by RickymortiesController#index as */*
Completed 500 Internal Server Error in 434ms (ActiveRecord: 0.0ms | Allocations: 2362)


  
TypeError (no implicit conversion of String into Integer):
  
app/services/rickymorty_service.rb:30:in `[]'
app/services/rickymorty_service.rb:30:in `parse_characters'
app/services/rickymorty_service.rb:8:in `perform'
app/services/application_service.rb:4:in `perform'
app/controllers/rickymorties_controller.rb:6:in `index'
Started GET "/rickymorties" for ::1 at 2022-12-23 03:09:47 +0500
  [1m[35m (0.0ms)[0m  [1m[34mSELECT sqlite_version(*)[0m
Error occurred while parsing request parameters.
Contents:



Processing by RickymortiesController#index as */*
Completed 500 Internal Server Error in 458ms (ActiveRecord: 0.0ms | Allocations: 2357)


  
TypeError (no implicit conversion of String into Integer):
  
app/services/rickymorty_service.rb:31:in `[]'
app/services/rickymorty_service.rb:31:in `parse_characters'
app/services/rickymorty_service.rb:8:in `perform'
app/services/application_service.rb:4:in `perform'
app/controllers/rickymorties_controller.rb:6:in `index'
Started GET "/rickymorties" for ::1 at 2022-12-23 03:10:55 +0500
  [1m[35m (0.0ms)[0m  [1m[34mSELECT sqlite_version(*)[0m
Error occurred while parsing request parameters.
Contents:



Processing by RickymortiesController#index as */*
Completed 204 No Content in 1968ms (ActiveRecord: 0.0ms | Allocations: 17129)


Started GET "/rickymorties" for ::1 at 2022-12-23 03:12:09 +0500
  [1m[35m (0.0ms)[0m  [1m[34mSELECT sqlite_version(*)[0m
Error occurred while parsing request parameters.
Contents:



Processing by RickymortiesController#index as */*
Completed 204 No Content in 1108ms (ActiveRecord: 0.0ms | Allocations: 17199)


Started GET "/rickymorties" for ::1 at 2022-12-23 03:15:07 +0500
  [1m[35m (0.1ms)[0m  [1m[34mSELECT sqlite_version(*)[0m
Error occurred while parsing request parameters.
Contents:



Processing by RickymortiesController#index as */*
Completed 204 No Content in 1414ms (ActiveRecord: 0.0ms | Allocations: 28288)


Started GET "/rickymorties" for ::1 at 2022-12-23 03:15:41 +0500
  [1m[35m (0.0ms)[0m  [1m[34mSELECT sqlite_version(*)[0m
Error occurred while parsing request parameters.
Contents:



Processing by RickymortiesController#index as */*
Completed 500 Internal Server Error in 489ms (ActiveRecord: 0.0ms | Allocations: 3617)


  
NoMethodError (undefined method `distinc' for #<Array:0x00005561623205c8>):
  
app/services/rickymorty_service.rb:36:in `block in parse_characters'
app/services/rickymorty_service.rb:32:in `each'
app/services/rickymorty_service.rb:32:in `parse_characters'
app/services/rickymorty_service.rb:8:in `perform'
app/services/application_service.rb:4:in `perform'
app/controllers/rickymorties_controller.rb:6:in `index'
Started GET "/rickymorties" for ::1 at 2022-12-23 03:16:00 +0500
  [1m[35m (0.0ms)[0m  [1m[34mSELECT sqlite_version(*)[0m
Error occurred while parsing request parameters.
Contents:



Processing by RickymortiesController#index as */*
Completed 204 No Content in 1146ms (ActiveRecord: 0.0ms | Allocations: 28471)


Started GET "/rickymorties" for ::1 at 2022-12-23 03:16:28 +0500
  [1m[35m (0.2ms)[0m  [1m[34mSELECT sqlite_version(*)[0m
  [1m[35m (0.1ms)[0m  [1m[34mSELECT "schema_migrations"."version" FROM "schema_migrations" ORDER BY "schema_migrations"."version" ASC[0m
Error occurred while parsing request parameters.
Contents:



Processing by RickymortiesController#index as */*
Completed 204 No Content in 2628ms (ActiveRecord: 0.0ms | Allocations: 28898)


Started GET "/rickymorties" for ::1 at 2022-12-23 03:17:10 +0500
  [1m[35m (0.0ms)[0m  [1m[34mSELECT sqlite_version(*)[0m
Error occurred while parsing request parameters.
Contents:



Processing by RickymortiesController#index as */*
Completed 204 No Content in 2176ms (ActiveRecord: 0.0ms | Allocations: 28923)


Started GET "/rickymorties" for ::1 at 2022-12-23 03:18:12 +0500
  [1m[35m (0.0ms)[0m  [1m[34mSELECT sqlite_version(*)[0m
Error occurred while parsing request parameters.
Contents:



Processing by RickymortiesController#index as */*
Completed 204 No Content in 2351ms (ActiveRecord: 0.0ms | Allocations: 25321)


Started GET "/rickymorties" for ::1 at 2022-12-23 03:18:37 +0500
  [1m[35m (0.0ms)[0m  [1m[34mSELECT sqlite_version(*)[0m
Error occurred while parsing request parameters.
Contents:



Processing by RickymortiesController#index as */*
Completed 500 Internal Server Error in 446ms (ActiveRecord: 0.0ms | Allocations: 3734)


  
NoMethodError (undefined method `uniq' for "1":String):
  
app/services/rickymorty_service.rb:34:in `block in parse_characters'
app/services/rickymorty_service.rb:32:in `each'
app/services/rickymorty_service.rb:32:in `parse_characters'
app/services/rickymorty_service.rb:8:in `perform'
app/services/application_service.rb:4:in `perform'
app/controllers/rickymorties_controller.rb:6:in `index'
Started GET "/rickymorties" for ::1 at 2022-12-23 03:19:54 +0500
  [1m[35m (0.0ms)[0m  [1m[34mSELECT sqlite_version(*)[0m
Error occurred while parsing request parameters.
Contents:



Processing by RickymortiesController#index as */*
Completed 204 No Content in 1948ms (ActiveRecord: 0.0ms | Allocations: 25397)


Started GET "/rickymorties" for ::1 at 2022-12-23 03:20:39 +0500
  [1m[35m (0.0ms)[0m  [1m[34mSELECT sqlite_version(*)[0m
Error occurred while parsing request parameters.
Contents:



Processing by RickymortiesController#index as */*
Completed 204 No Content in 1707ms (ActiveRecord: 0.0ms | Allocations: 16865)


Started GET "/rickymorties" for ::1 at 2022-12-23 03:20:59 +0500
  [1m[35m (0.0ms)[0m  [1m[34mSELECT sqlite_version(*)[0m
Error occurred while parsing request parameters.
Contents:



Processing by RickymortiesController#index as */*
Completed 204 No Content in 1828ms (ActiveRecord: 0.0ms | Allocations: 16976)


Started GET "/rickymorties" for ::1 at 2022-12-23 03:21:39 +0500
  [1m[35m (0.0ms)[0m  [1m[34mSELECT sqlite_version(*)[0m
Error occurred while parsing request parameters.
Contents:



Processing by RickymortiesController#index as */*
Completed 204 No Content in 1396ms (ActiveRecord: 0.0ms | Allocations: 15852)


Started GET "/rickymorties" for ::1 at 2022-12-23 03:21:56 +0500
  [1m[35m (0.0ms)[0m  [1m[34mSELECT sqlite_version(*)[0m
Error occurred while parsing request parameters.
Contents:



Processing by RickymortiesController#index as */*
Completed 204 No Content in 1574ms (ActiveRecord: 0.0ms | Allocations: 28368)


Started GET "/rickymorties" for ::1 at 2022-12-23 03:22:41 +0500
  [1m[35m (0.1ms)[0m  [1m[34mSELECT sqlite_version(*)[0m
Error occurred while parsing request parameters.
Contents:



Processing by RickymortiesController#index as */*
Completed 204 No Content in 1616ms (ActiveRecord: 0.0ms | Allocations: 28676)


Started GET "/rickymorties" for ::1 at 2022-12-23 03:23:16 +0500
  [1m[35m (0.1ms)[0m  [1m[34mSELECT sqlite_version(*)[0m
Error occurred while parsing request parameters.
Contents:



Processing by RickymortiesController#index as */*
Completed 204 No Content in 1910ms (ActiveRecord: 0.0ms | Allocations: 28714)


Started GET "/rickymorties" for ::1 at 2022-12-23 03:23:32 +0500
  [1m[35m (0.0ms)[0m  [1m[34mSELECT sqlite_version(*)[0m
Error occurred while parsing request parameters.
Contents:



Processing by RickymortiesController#index as */*
Completed 204 No Content in 1539ms (ActiveRecord: 0.0ms | Allocations: 28366)


Started GET "/rickymorties" for ::1 at 2022-12-23 03:24:57 +0500
  [1m[35m (0.1ms)[0m  [1m[34mSELECT sqlite_version(*)[0m
Error occurred while parsing request parameters.
Contents:



Processing by RickymortiesController#index as */*
Completed 500 Internal Server Error in 637ms (ActiveRecord: 0.0ms | Allocations: 2543)


  
URI::InvalidURIError (bad URI(is not URI?): "https://rickandmortyapi.com/api/episode/\#{characters}"):
  
app/services/rickymorty_service.rb:14:in `get'
app/services/rickymorty_service.rb:34:in `block in parse_characters'
app/services/rickymorty_service.rb:32:in `each'
app/services/rickymorty_service.rb:32:in `parse_characters'
app/services/rickymorty_service.rb:8:in `perform'
app/services/application_service.rb:4:in `perform'
app/controllers/rickymorties_controller.rb:6:in `index'
Started GET "/rickymorties" for ::1 at 2022-12-23 03:25:21 +0500
  [1m[35m (0.0ms)[0m  [1m[34mSELECT sqlite_version(*)[0m
Error occurred while parsing request parameters.
Contents:



Processing by RickymortiesController#index as */*
Completed 500 Internal Server Error in 2022ms (ActiveRecord: 0.0ms | Allocations: 2581)


  
URI::InvalidURIError (bad URI(is not URI?): "https://rickandmortyapi.com/api/episode/[[1, 2, 35, 38, 62, 92, 127, 144, 158, 175, 179, 181, 239, 249, 271, 338, 394, 395, 435]]"):
  
app/services/rickymorty_service.rb:14:in `get'
app/services/rickymorty_service.rb:34:in `block in parse_characters'
app/services/rickymorty_service.rb:32:in `each'
app/services/rickymorty_service.rb:32:in `parse_characters'
app/services/rickymorty_service.rb:8:in `perform'
app/services/application_service.rb:4:in `perform'
app/controllers/rickymorties_controller.rb:6:in `index'
Started GET "/rickymorties" for ::1 at 2022-12-23 03:26:14 +0500
  [1m[35m (0.0ms)[0m  [1m[34mSELECT sqlite_version(*)[0m
Error occurred while parsing request parameters.
Contents:



Processing by RickymortiesController#index as */*
Completed 500 Internal Server Error in 421ms (ActiveRecord: 0.0ms | Allocations: 2574)


  
URI::InvalidURIError (bad URI(is not URI?): "https://rickandmortyapi.com/api/episode/[1, 2, 35, 38, 62, 92, 127, 144, 158, 175, 179, 181, 239, 249, 271, 338, 394, 395, 435]"):
  
app/services/rickymorty_service.rb:14:in `get'
app/services/rickymorty_service.rb:33:in `block in parse_characters'
app/services/rickymorty_service.rb:32:in `each'
app/services/rickymorty_service.rb:32:in `parse_characters'
app/services/rickymorty_service.rb:8:in `perform'
app/services/application_service.rb:4:in `perform'
app/controllers/rickymorties_controller.rb:6:in `index'
Started GET "/rickymorties" for ::1 at 2022-12-23 03:26:37 +0500
  [1m[35m (0.0ms)[0m  [1m[34mSELECT sqlite_version(*)[0m
Error occurred while parsing request parameters.
Contents:



Processing by RickymortiesController#index as */*
Completed 500 Internal Server Error in 468ms (ActiveRecord: 0.0ms | Allocations: 2565)


  
URI::InvalidURIError (bad URI(is not URI?): "https://rickandmortyapi.com/api/episode/[1, 2, 35, 38, 62, 92, 127, 144, 158, 175, 179, 181, 239, 249, 271, 338, 394, 395, 435]"):
  
app/services/rickymorty_service.rb:14:in `get'
app/services/rickymorty_service.rb:33:in `block in parse_characters'
app/services/rickymorty_service.rb:32:in `each'
app/services/rickymorty_service.rb:32:in `parse_characters'
app/services/rickymorty_service.rb:8:in `perform'
app/services/application_service.rb:4:in `perform'
app/controllers/rickymorties_controller.rb:6:in `index'
Started GET "/rickymorties" for ::1 at 2022-12-23 03:26:54 +0500
  [1m[35m (0.1ms)[0m  [1m[34mSELECT sqlite_version(*)[0m
Error occurred while parsing request parameters.
Contents:



Processing by RickymortiesController#index as */*
Completed 500 Internal Server Error in 366ms (ActiveRecord: 0.0ms | Allocations: 2568)


  
URI::InvalidURIError (bad URI(is not URI?): "https://rickandmortyapi.com/api/characters/[1, 2, 35, 38, 62, 92, 127, 144, 158, 175, 179, 181, 239, 249, 271, 338, 394, 395, 435]"):
  
app/services/rickymorty_service.rb:14:in `get'
app/services/rickymorty_service.rb:33:in `block in parse_characters'
app/services/rickymorty_service.rb:32:in `each'
app/services/rickymorty_service.rb:32:in `parse_characters'
app/services/rickymorty_service.rb:8:in `perform'
app/services/application_service.rb:4:in `perform'
app/controllers/rickymorties_controller.rb:6:in `index'
Started GET "/rickymorties" for ::1 at 2022-12-23 03:27:52 +0500
  [1m[35m (0.0ms)[0m  [1m[34mSELECT sqlite_version(*)[0m
Error occurred while parsing request parameters.
Contents:



Processing by RickymortiesController#index as */*
Completed 500 Internal Server Error in 1733ms (ActiveRecord: 0.0ms | Allocations: 3591)


  
RestClient::NotFound (404 Not Found):
  
app/services/rickymorty_service.rb:14:in `get'
app/services/rickymorty_service.rb:33:in `block in parse_characters'
app/services/rickymorty_service.rb:32:in `each'
app/services/rickymorty_service.rb:32:in `parse_characters'
app/services/rickymorty_service.rb:8:in `perform'
app/services/application_service.rb:4:in `perform'
app/controllers/rickymorties_controller.rb:6:in `index'
Started GET "/rickymorties" for ::1 at 2022-12-23 03:29:04 +0500
  [1m[35m (0.1ms)[0m  [1m[34mSELECT sqlite_version(*)[0m
Error occurred while parsing request parameters.
Contents:



Processing by RickymortiesController#index as */*
Completed 500 Internal Server Error in 491ms (ActiveRecord: 0.0ms | Allocations: 2559)


  
URI::InvalidURIError (bad URI(is not URI?): "https://rickandmortyapi.com/api/character/[1, 2, 35, 38, 62, 92, 127, 144, 158, 175, 179, 181, 239, 249, 271, 338, 394, 395, 435]"):
  
app/services/rickymorty_service.rb:14:in `get'
app/services/rickymorty_service.rb:33:in `block in parse_characters'
app/services/rickymorty_service.rb:32:in `each'
app/services/rickymorty_service.rb:32:in `parse_characters'
app/services/rickymorty_service.rb:8:in `perform'
app/services/application_service.rb:4:in `perform'
app/controllers/rickymorties_controller.rb:6:in `index'
Started GET "/rickymorties" for ::1 at 2022-12-23 03:30:34 +0500
  [1m[35m (0.0ms)[0m  [1m[34mSELECT sqlite_version(*)[0m
Error occurred while parsing request parameters.
Contents:



Processing by RickymortiesController#index as */*
Completed 204 No Content in 43866ms (ActiveRecord: 0.0ms | Allocations: 71837)


Started GET "/rickymorties" for ::1 at 2022-12-23 03:38:37 +0500
  [1m[35m (0.1ms)[0m  [1m[34mSELECT sqlite_version(*)[0m
Error occurred while parsing request parameters.
Contents:



Processing by RickymortiesController#index as */*
Completed 500 Internal Server Error in 475ms (ActiveRecord: 0.0ms | Allocations: 4082)


  
NoMethodError (undefined method `body' for #<Hash:0x0000558d599e46e8>):
  
app/services/rickymorty_service.rb:40:in `parse_characters'
app/services/rickymorty_service.rb:8:in `perform'
app/services/application_service.rb:4:in `perform'
app/controllers/rickymorties_controller.rb:6:in `index'
Started GET "/rickymorties" for ::1 at 2022-12-23 03:38:50 +0500
  [1m[35m (0.0ms)[0m  [1m[34mSELECT sqlite_version(*)[0m
Error occurred while parsing request parameters.
Contents:



Processing by RickymortiesController#index as */*
Completed 204 No Content in 1941ms (ActiveRecord: 0.0ms | Allocations: 18361)


Started GET "/rickymorties" for ::1 at 2022-12-23 03:39:11 +0500
  [1m[35m (0.0ms)[0m  [1m[34mSELECT sqlite_version(*)[0m
Error occurred while parsing request parameters.
Contents:



Processing by RickymortiesController#index as */*
Completed 204 No Content in 1388ms (ActiveRecord: 0.0ms | Allocations: 17051)


Started GET "/rickymorties" for ::1 at 2022-12-23 03:39:31 +0500
  [1m[35m (0.0ms)[0m  [1m[34mSELECT sqlite_version(*)[0m
Error occurred while parsing request parameters.
Contents:



Processing by RickymortiesController#index as */*
Completed 204 No Content in 1081ms (ActiveRecord: 0.0ms | Allocations: 16723)


Started GET "/rickymorties" for ::1 at 2022-12-23 04:04:53 +0500
  [1m[35m (0.1ms)[0m  [1m[34mSELECT sqlite_version(*)[0m
Error occurred while parsing request parameters.
Contents:



Processing by RickymortiesController#index as */*
Completed 500 Internal Server Error in 643ms (ActiveRecord: 0.0ms | Allocations: 6648)


  
URI::InvalidURIError (bad URI(is not URI?): "https://rickandmortyapi.com/api/episode[1, 2, 3, 4, 5, 7, 11, 12, 14, 15, 16, 17, 18, 19, 20, 21, 22, 23, 24, 26, 27, 28, 29, 31, 32, 34, 35, 36, 37, 38, 39, 40, 41, 45, 46, 47, 49, 50, 51, 53, 54, 55, 58, 59, 62, 63, 64, 65, 66, 76, 77, 78, 79, 80, 82, 83, 84, 85, 86, 87, 88, 89, 90, 91, 92, 96, 97, 98, 99, 100, 101, 103, 105, 106, 108, 109, 112, 113, 114, 115, 116, 117, 118, 119, 120, 121, 122, 124, 126, 127, 128, 129, 131, 132, 133, 134, 136, 138, 139, 141, 144, 145, 146, 148, 151, 152, 153, 154, 155, 157, 158, 159, 160, 161, 162, 163, 164, 168, 169, 172, 173, 174, 175, 176, 177, 178, 179, 180, 181, 182, 183, 184, 186, 188, 191, 192, 193, 195, 196, 197, 199, 201, 202, 205, 207, 209, 210, 211, 212, 213, 214, 215, 216, 221, 222, 223, 224, 225, 230, 232, 234, 236, 237, 238, 239, 240, 241, 242, 243, 244, 246, 248, 249, 250, 251, 253, 254, 255, 257, 258, 259, 260, 262, 263, 264, 266, 268, 270, 271, 272, 273, 274, 275, 277, 279, 280, 282, 290, 293, 294, 295, 298, 299, 300, 301, 302, 303, 304, 305, 306, 307, 308, 309, 310, 311, 312, 313, 314, 315, 316, 317, 318, 321, 324, 326, 327, 329, 330, 331, 333, 334, 336, 337, 338, 339, 341, 343, 344, 346, 347, 348, 349, 351, 352, 353, 354, 355, 356, 358, 359, 362, 364, 367, 370, 371, 372, 373, 374, 376, 381, 383, 384, 386, 387, 388, 389, 391, 393, 394, 395, 396, 397, 398, 399, 400, 401, 402, 403, 404, 405, 406, 407, 408, 409, 410, 411, 412, 413, 414, 415, 416, 417, 418, 419, 420, 421, 422, 423, 424, 425, 426, 427, 428, 429, 430, 431, 432, 433, 434, 435, 436, 437, 438, 439, 440, 441, 442, 443, 444, 445, 446, 447, 448, 449, 450, 451, 452, 453, 454, 455, 456, 457, 458, 459, 460, 663, 753, 826]"):
  
app/services/rickymorty_service.rb:14:in `get'
app/services/rickymorty_service.rb:42:in `parse_characters'
app/services/rickymorty_service.rb:8:in `perform'
app/services/application_service.rb:4:in `perform'
app/controllers/rickymorties_controller.rb:6:in `index'
Started GET "/rickymorties" for ::1 at 2022-12-23 04:05:34 +0500
  [1m[35m (0.0ms)[0m  [1m[34mSELECT sqlite_version(*)[0m
Error occurred while parsing request parameters.
Contents:



Processing by RickymortiesController#index as */*
Completed 204 No Content in 5001ms (ActiveRecord: 0.0ms | Allocations: 20019)


Started GET "/rickymorties" for ::1 at 2022-12-23 04:06:12 +0500
  [1m[35m (0.1ms)[0m  [1m[34mSELECT sqlite_version(*)[0m
Error occurred while parsing request parameters.
Contents:



Processing by RickymortiesController#index as */*
Completed 204 No Content in 6711ms (ActiveRecord: 0.0ms | Allocations: 20024)


Started GET "/rickymorties" for ::1 at 2022-12-23 04:06:45 +0500
  [1m[35m (0.1ms)[0m  [1m[34mSELECT sqlite_version(*)[0m
Error occurred while parsing request parameters.
Contents:



Processing by RickymortiesController#index as */*
Completed 204 No Content in 3504ms (ActiveRecord: 0.0ms | Allocations: 19992)


Started GET "/rickymorties" for ::1 at 2022-12-23 04:08:33 +0500
  [1m[35m (0.0ms)[0m  [1m[34mSELECT sqlite_version(*)[0m
Error occurred while parsing request parameters.
Contents:



Processing by RickymortiesController#index as */*
Completed 500 Internal Server Error in 1ms (ActiveRecord: 0.0ms | Allocations: 357)


  
ArgumentError (wrong number of arguments (given 1, expected 2)):
  
app/services/rickymorty_service.rb:36:in `parse_characters'
app/services/rickymorty_service.rb:8:in `perform'
app/services/application_service.rb:4:in `perform'
app/controllers/rickymorties_controller.rb:6:in `index'
Started GET "/rickymorties" for ::1 at 2022-12-23 04:08:44 +0500
  [1m[35m (0.0ms)[0m  [1m[34mSELECT sqlite_version(*)[0m
Error occurred while parsing request parameters.
Contents:



Processing by RickymortiesController#index as */*
Completed 204 No Content in 5465ms (ActiveRecord: 0.0ms | Allocations: 20083)


Started GET "/rickymorties" for ::1 at 2022-12-23 18:36:55 +0500
  [1m[35m (0.0ms)[0m  [1m[34mSELECT sqlite_version(*)[0m
Error occurred while parsing request parameters.
Contents:



Processing by RickymortiesController#index as */*
Completed 204 No Content in 4294ms (ActiveRecord: 0.0ms | Allocations: 17736)


Started GET "/rickymorties" for ::1 at 2022-12-23 18:37:13 +0500
Error occurred while parsing request parameters.
Contents:



Processing by RickymortiesController#index as */*
Completed 204 No Content in 11574ms (ActiveRecord: 0.0ms | Allocations: 17331)


Started GET "/rickymorties" for ::1 at 2022-12-23 18:37:43 +0500
Error occurred while parsing request parameters.
Contents:



Processing by RickymortiesController#index as */*
Completed 204 No Content in 6150ms (ActiveRecord: 0.0ms | Allocations: 17217)


Started GET "/rickymorties" for ::1 at 2022-12-23 18:39:39 +0500
  [1m[35m (0.0ms)[0m  [1m[34mSELECT sqlite_version(*)[0m
Error occurred while parsing request parameters.
Contents:



Processing by RickymortiesController#index as */*
Completed 204 No Content in 5636ms (ActiveRecord: 0.0ms | Allocations: 16844)


Started GET "/rickymorties" for ::1 at 2022-12-23 18:47:56 +0500
  [1m[35m (0.1ms)[0m  [1m[34mSELECT sqlite_version(*)[0m
Error occurred while parsing request parameters.
Contents:



Processing by RickymortiesController#index as */*
Completed 500 Internal Server Error in 2070ms (ActiveRecord: 0.0ms | Allocations: 8615)


  
NoMethodError (undefined method `type' for #<RickymortyService:0x00007f46e08ca3d8>):
  
app/services/rickymorty_service.rb:51:in `parse_characters'
app/services/rickymorty_service.rb:8:in `perform'
app/services/application_service.rb:4:in `perform'
app/controllers/rickymorties_controller.rb:6:in `index'
Started GET "/rickymorties" for ::1 at 2022-12-23 18:50:12 +0500
  [1m[35m (0.1ms)[0m  [1m[34mSELECT sqlite_version(*)[0m
Error occurred while parsing request parameters.
Contents:



Processing by RickymortiesController#index as */*
Completed 500 Internal Server Error in 2608ms (ActiveRecord: 0.0ms | Allocations: 9038)


  
NoMethodError (undefined method `characters' for #<Hash:0x0000558d595326b8>):
  
app/services/rickymorty_service.rb:54:in `block in parse_characters'
app/services/rickymorty_service.rb:53:in `each'
app/services/rickymorty_service.rb:53:in `parse_characters'
app/services/rickymorty_service.rb:8:in `perform'
app/services/application_service.rb:4:in `perform'
app/controllers/rickymorties_controller.rb:6:in `index'
Started GET "/rickymorties" for ::1 at 2022-12-23 18:50:51 +0500
  [1m[35m (0.0ms)[0m  [1m[34mSELECT sqlite_version(*)[0m
Error occurred while parsing request parameters.
Contents:



Processing by RickymortiesController#index as */*
Completed 204 No Content in 27934ms (ActiveRecord: 0.0ms | Allocations: 20238)


Started GET "/rickymorties" for ::1 at 2022-12-23 18:53:19 +0500
  [1m[35m (0.0ms)[0m  [1m[34mSELECT sqlite_version(*)[0m
Error occurred while parsing request parameters.
Contents:



Processing by RickymortiesController#index as */*
Completed 204 No Content in 10702ms (ActiveRecord: 0.0ms | Allocations: 19958)


Started GET "/rickymorties" for ::1 at 2022-12-23 18:54:13 +0500
  [1m[35m (0.0ms)[0m  [1m[34mSELECT sqlite_version(*)[0m
Error occurred while parsing request parameters.
Contents:



Processing by RickymortiesController#index as */*
Completed 204 No Content in 9711ms (ActiveRecord: 0.0ms | Allocations: 84566)


Started GET "/rickymorties" for ::1 at 2022-12-23 18:54:57 +0500
  [1m[35m (0.0ms)[0m  [1m[34mSELECT sqlite_version(*)[0m
Error occurred while parsing request parameters.
Contents:



Processing by RickymortiesController#index as */*
Completed 204 No Content in 9883ms (ActiveRecord: 0.0ms | Allocations: 51615)


Started GET "/rickymorties" for ::1 at 2022-12-23 19:08:41 +0500
  [1m[35m (0.1ms)[0m  [1m[34mSELECT sqlite_version(*)[0m
Error occurred while parsing request parameters.
Contents:



Processing by RickymortiesController#index as */*
Completed 500 Internal Server Error in 1ms (ActiveRecord: 0.0ms | Allocations: 346)


  
SyntaxError (/home/dev/Desktop/Work/TestProjects/Test-Project/Q1/app/services/rickymorty_service.rb:68: syntax error, unexpected end-of-input, expecting `end'):
  
app/services/rickymorty_service.rb:68: syntax error, unexpected end-of-input, expecting `end'
app/services/rickymorty_service.rb:68: syntax error, unexpected end-of-input, expecting `end'
app/controllers/rickymorties_controller.rb:6:in `index'
Started GET "/rickymorties" for ::1 at 2022-12-23 19:08:58 +0500
  [1m[35m (0.1ms)[0m  [1m[34mSELECT sqlite_version(*)[0m
Error occurred while parsing request parameters.
Contents:



Processing by RickymortiesController#index as */*
Completed 500 Internal Server Error in 2133ms (ActiveRecord: 0.0ms | Allocations: 20778)


  
NoMethodError (undefined method `id' for #<Hash:0x0000558d587f48e8>):
  
app/services/rickymorty_service.rb:38:in `block in find_character'
app/services/rickymorty_service.rb:37:in `each'
app/services/rickymorty_service.rb:37:in `find_character'
app/services/rickymorty_service.rb:63:in `parse_characters'
app/services/rickymorty_service.rb:8:in `perform'
app/services/application_service.rb:4:in `perform'
app/controllers/rickymorties_controller.rb:6:in `index'
Started GET "/rickymorties" for ::1 at 2022-12-23 19:15:54 +0500
  [1m[35m (0.0ms)[0m  [1m[34mSELECT sqlite_version(*)[0m
Error occurred while parsing request parameters.
Contents:



Processing by RickymortiesController#index as */*
Completed 204 No Content in 8975ms (ActiveRecord: 0.0ms | Allocations: 83392)


Started GET "/rickymorties" for ::1 at 2022-12-23 19:16:31 +0500
  [1m[35m (0.0ms)[0m  [1m[34mSELECT sqlite_version(*)[0m
Error occurred while parsing request parameters.
Contents:



Processing by RickymortiesController#index as */*
Completed 204 No Content in 7981ms (ActiveRecord: 0.0ms | Allocations: 84513)


Started GET "/rickymorties" for ::1 at 2022-12-23 19:30:24 +0500
  [1m[35m (0.0ms)[0m  [1m[34mSELECT sqlite_version(*)[0m
Error occurred while parsing request parameters.
Contents:



Processing by RickymortiesController#index as */*
Completed 204 No Content in 23772ms (ActiveRecord: 0.0ms | Allocations: 51580)


Started GET "/rickymorties" for ::1 at 2022-12-23 19:31:09 +0500
  [1m[35m (0.0ms)[0m  [1m[34mSELECT sqlite_version(*)[0m
Error occurred while parsing request parameters.
Contents:



Processing by RickymortiesController#index as */*
Completed 204 No Content in 15514ms (ActiveRecord: 0.0ms | Allocations: 51595)


Started GET "/rickymorties" for ::1 at 2022-12-23 19:31:46 +0500
  [1m[35m (0.0ms)[0m  [1m[34mSELECT sqlite_version(*)[0m
Error occurred while parsing request parameters.
Contents:



Processing by RickymortiesController#index as */*
Completed 204 No Content in 12861ms (ActiveRecord: 0.0ms | Allocations: 51663)


Started GET "/rickymorties" for ::1 at 2022-12-23 19:56:17 +0500
  [1m[35m (0.0ms)[0m  [1m[34mSELECT sqlite_version(*)[0m
Error occurred while parsing request parameters.
Contents:



Processing by RickymortiesController#index as */*
Completed 500 Internal Server Error in 8062ms (ActiveRecord: 0.0ms | Allocations: 19436)


  
TypeError (no implicit conversion of String into Integer):
  
app/services/rickymorty_service.rb:63:in `[]'
app/services/rickymorty_service.rb:63:in `block in parse_characters'
app/services/rickymorty_service.rb:62:in `each'
app/services/rickymorty_service.rb:62:in `parse_characters'
app/services/rickymorty_service.rb:8:in `perform'
app/services/application_service.rb:4:in `perform'
app/controllers/rickymorties_controller.rb:6:in `index'
Started GET "/rickymorties" for ::1 at 2022-12-23 19:59:39 +0500
  [1m[35m (0.0ms)[0m  [1m[34mSELECT sqlite_version(*)[0m
Error occurred while parsing request parameters.
Contents:



Processing by RickymortiesController#index as */*
Completed 500 Internal Server Error in 4090ms (ActiveRecord: 0.0ms | Allocations: 19576)


  
TypeError (no implicit conversion of String into Integer):
  
app/services/rickymorty_service.rb:63:in `[]'
app/services/rickymorty_service.rb:63:in `block in parse_characters'
app/services/rickymorty_service.rb:62:in `each'
app/services/rickymorty_service.rb:62:in `parse_characters'
app/services/rickymorty_service.rb:8:in `perform'
app/services/application_service.rb:4:in `perform'
app/controllers/rickymorties_controller.rb:6:in `index'
Started GET "/rickymorties" for ::1 at 2022-12-23 20:00:46 +0500
  [1m[35m (0.0ms)[0m  [1m[34mSELECT sqlite_version(*)[0m
Error occurred while parsing request parameters.
Contents:



Processing by RickymortiesController#index as */*
Completed 204 No Content in 6304ms (ActiveRecord: 0.0ms | Allocations: 120787)


Started GET "/rickymorties" for ::1 at 2022-12-23 20:02:18 +0500
  [1m[35m (0.0ms)[0m  [1m[34mSELECT sqlite_version(*)[0m
Error occurred while parsing request parameters.
Contents:



Processing by RickymortiesController#index as */*
Completed 204 No Content in 11896ms (ActiveRecord: 0.0ms | Allocations: 129766)


Started GET "/rickymorties" for ::1 at 2022-12-23 20:03:22 +0500
  [1m[35m (0.1ms)[0m  [1m[34mSELECT sqlite_version(*)[0m
Error occurred while parsing request parameters.
Contents:



Processing by RickymortiesController#index as */*
Completed 204 No Content in 25489ms (ActiveRecord: 0.0ms | Allocations: 123826)


Started GET "/rickymorties" for ::1 at 2022-12-23 20:06:38 +0500
  [1m[35m (0.0ms)[0m  [1m[34mSELECT sqlite_version(*)[0m
Error occurred while parsing request parameters.
Contents:



Processing by RickymortiesController#index as */*
Completed 204 No Content in 6568ms (ActiveRecord: 0.0ms | Allocations: 123819)


Started GET "/rickymorties" for ::1 at 2022-12-23 20:07:08 +0500
  [1m[35m (0.0ms)[0m  [1m[34mSELECT sqlite_version(*)[0m
Error occurred while parsing request parameters.
Contents:



Processing by RickymortiesController#index as */*
Completed 204 No Content in 17962ms (ActiveRecord: 0.0ms | Allocations: 125364)


Started GET "/rickymorties" for ::1 at 2022-12-23 20:07:59 +0500
  [1m[35m (0.1ms)[0m  [1m[34mSELECT sqlite_version(*)[0m
Error occurred while parsing request parameters.
Contents:



Processing by RickymortiesController#index as */*
Completed 204 No Content in 7174ms (ActiveRecord: 0.0ms | Allocations: 118394)


Started GET "/rickymorties" for ::1 at 2022-12-23 20:14:40 +0500
  [1m[35m (0.1ms)[0m  [1m[34mSELECT sqlite_version(*)[0m
Error occurred while parsing request parameters.
Contents:



Processing by RickymortiesController#index as */*
Completed 204 No Content in 7847ms (ActiveRecord: 0.0ms | Allocations: 118085)


Started GET "/rickymorties" for ::1 at 2022-12-23 20:20:37 +0500
  [1m[35m (0.1ms)[0m  [1m[34mSELECT sqlite_version(*)[0m
Error occurred while parsing request parameters.
Contents:



Processing by RickymortiesController#index as */*
Completed 204 No Content in 3123ms (ActiveRecord: 0.0ms | Allocations: 117737)


Started GET "/rickymorties" for ::1 at 2022-12-23 21:14:44 +0500
  [1m[35m (0.1ms)[0m  [1m[34mSELECT sqlite_version(*)[0m
Error occurred while parsing request parameters.
Contents:



Processing by RickymortiesController#index as */*
Completed 500 Internal Server Error in 8263ms (ActiveRecord: 0.0ms | Allocations: 20459)


  
NameError (undefined local variable or method `character_objects' for #<RickymortyService:0x0000558d597ab9f8>
Did you mean?  characters):
  
app/services/rickymorty_service.rb:60:in `block (2 levels) in parse_characters'
app/services/rickymorty_service.rb:58:in `each'
app/services/rickymorty_service.rb:58:in `block in parse_characters'
app/services/rickymorty_service.rb:56:in `each'
app/services/rickymorty_service.rb:56:in `parse_characters'
app/services/rickymorty_service.rb:13:in `perform'
app/services/application_service.rb:4:in `perform'
app/controllers/rickymorties_controller.rb:6:in `index'
Started GET "/rickymorties" for ::1 at 2022-12-23 21:15:22 +0500
  [1m[35m (0.1ms)[0m  [1m[34mSELECT sqlite_version(*)[0m
Error occurred while parsing request parameters.
Contents:



Processing by RickymortiesController#index as */*
Completed 500 Internal Server Error in 4445ms (ActiveRecord: 0.0ms | Allocations: 24214)


  
ArgumentError (wrong number of arguments (given 2, expected 3)):
  
app/services/rickymorty_service.rb:52:in `parse_characters'
app/services/rickymorty_service.rb:68:in `parse_characters'
app/services/rickymorty_service.rb:13:in `perform'
app/services/application_service.rb:4:in `perform'
app/controllers/rickymorties_controller.rb:6:in `index'
Started GET "/rickymorties" for ::1 at 2022-12-23 21:15:58 +0500
  [1m[35m (0.1ms)[0m  [1m[34mSELECT sqlite_version(*)[0m
Error occurred while parsing request parameters.
Contents:



Processing by RickymortiesController#index as */*
Completed 204 No Content in 10412ms (ActiveRecord: 0.0ms | Allocations: 117896)


Started GET "/rickymorties" for ::1 at 2022-12-23 21:16:34 +0500
  [1m[35m (0.3ms)[0m  [1m[34mSELECT sqlite_version(*)[0m
  [1m[35m (0.3ms)[0m  [1m[34mSELECT "schema_migrations"."version" FROM "schema_migrations" ORDER BY "schema_migrations"."version" ASC[0m
Error occurred while parsing request parameters.
Contents:



Processing by RickymortiesController#index as */*
Completed 204 No Content in 8234ms (ActiveRecord: 0.0ms | Allocations: 118151)


Started GET "/rickymorties" for ::1 at 2022-12-23 21:18:57 +0500
  [1m[35m (0.2ms)[0m  [1m[34mSELECT sqlite_version(*)[0m
Error occurred while parsing request parameters.
Contents:



Processing by RickymortiesController#index as */*
Completed 200 OK in 16721ms (Views: 167.8ms | ActiveRecord: 0.0ms | Allocations: 364913)


Started GET "/rickymorties" for ::1 at 2022-12-23 21:25:42 +0500
  [1m[35m (0.0ms)[0m  [1m[34mSELECT sqlite_version(*)[0m
Error occurred while parsing request parameters.
Contents:



Processing by RickymortiesController#index as */*
Completed 204 No Content in 10183ms (ActiveRecord: 0.0ms | Allocations: 117407)


Started GET "/rickymorties" for ::1 at 2022-12-23 21:26:34 +0500
Error occurred while parsing request parameters.
Contents:



Processing by RickymortiesController#index as */*
Completed 204 No Content in 12097ms (ActiveRecord: 0.0ms | Allocations: 117268)


Started GET "/rickymorties" for ::1 at 2022-12-23 21:27:06 +0500
  [1m[35m (0.2ms)[0m  [1m[34mSELECT sqlite_version(*)[0m
  [1m[35m (0.1ms)[0m  [1m[34mSELECT "schema_migrations"."version" FROM "schema_migrations" ORDER BY "schema_migrations"."version" ASC[0m
Error occurred while parsing request parameters.
Contents:



Processing by RickymortiesController#index as */*
Completed 204 No Content in 21583ms (ActiveRecord: 0.0ms | Allocations: 118110)


Started GET "/rickymorties" for ::1 at 2022-12-23 21:44:17 +0500
  [1m[35m (0.1ms)[0m  [1m[34mSELECT sqlite_version(*)[0m
Error occurred while parsing request parameters.
Contents:



Processing by RickymortiesController#index as */*
Completed 500 Internal Server Error in 2046ms (ActiveRecord: 0.0ms | Allocations: 19411)


  
TypeError (no implicit conversion of String into Integer):
  
app/services/rickymorty_service.rb:30:in `[]'
app/services/rickymorty_service.rb:30:in `replace_characters'
app/services/rickymorty_service.rb:21:in `prepare_episodes_array'
app/services/rickymorty_service.rb:13:in `perform'
app/services/application_service.rb:4:in `perform'
app/controllers/rickymorties_controller.rb:6:in `index'
Started GET "/rickymorties" for ::1 at 2022-12-23 21:45:04 +0500
  [1m[35m (0.0ms)[0m  [1m[34mSELECT sqlite_version(*)[0m
Error occurred while parsing request parameters.
Contents:



Processing by RickymortiesController#index as */*
Completed 500 Internal Server Error in 2563ms (ActiveRecord: 0.0ms | Allocations: 20627)


  
NameError (undefined local variable or method `character_objects' for #<RickymortyService:0x00007fb77c0661d0>
Did you mean?  characters):
  
app/services/rickymorty_service.rb:33:in `block (2 levels) in replace_characters'
app/services/rickymorty_service.rb:32:in `each'
app/services/rickymorty_service.rb:32:in `block in replace_characters'
app/services/rickymorty_service.rb:30:in `each'
app/services/rickymorty_service.rb:30:in `replace_characters'
app/services/rickymorty_service.rb:21:in `prepare_episodes_array'
app/services/rickymorty_service.rb:13:in `perform'
app/services/application_service.rb:4:in `perform'
app/controllers/rickymorties_controller.rb:6:in `index'
Started GET "/rickymorties" for ::1 at 2022-12-23 21:45:11 +0500
Error occurred while parsing request parameters.
Contents:



Processing by RickymortiesController#index as */*
Completed 500 Internal Server Error in 1550ms (ActiveRecord: 0.0ms | Allocations: 20075)


  
NameError (undefined local variable or method `character_objects' for #<RickymortyService:0x000056318b378300>
Did you mean?  characters):
  
app/services/rickymorty_service.rb:33:in `block (2 levels) in replace_characters'
app/services/rickymorty_service.rb:32:in `each'
app/services/rickymorty_service.rb:32:in `block in replace_characters'
app/services/rickymorty_service.rb:30:in `each'
app/services/rickymorty_service.rb:30:in `replace_characters'
app/services/rickymorty_service.rb:21:in `prepare_episodes_array'
app/services/rickymorty_service.rb:13:in `perform'
app/services/application_service.rb:4:in `perform'
app/controllers/rickymorties_controller.rb:6:in `index'
Started GET "/rickymorties" for ::1 at 2022-12-23 21:45:24 +0500
  [1m[35m (0.1ms)[0m  [1m[34mSELECT sqlite_version(*)[0m
Error occurred while parsing request parameters.
Contents:



Processing by RickymortiesController#index as */*
Completed 204 No Content in 6586ms (ActiveRecord: 0.0ms | Allocations: 117854)


Started GET "/rickymorties" for ::1 at 2022-12-23 21:45:51 +0500
  [1m[35m (0.0ms)[0m  [1m[34mSELECT sqlite_version(*)[0m
Error occurred while parsing request parameters.
Contents:



Processing by RickymortiesController#index as */*
Completed 200 OK in 5544ms (Views: 116.5ms | ActiveRecord: 0.0ms | Allocations: 364706)


Started GET "/rickymorties" for ::1 at 2022-12-23 21:54:53 +0500
  [1m[35m (0.1ms)[0m  [1m[34mSELECT sqlite_version(*)[0m
Error occurred while parsing request parameters.
Contents:



Processing by RickymortiesController#index as */*
Completed 204 No Content in 6483ms (ActiveRecord: 0.0ms | Allocations: 117446)


